<?xml version="1.0" encoding="UTF-8"?>
<!-- Generated by org.testng.reporters.JUnitReportReporter -->
<testsuite skipped="0" hostname="DESKTOP-6QJ44UQ" name="com.jbk.test.LoginTest" tests="12" failures="0" timestamp="2022-06-06T15:52:09 IST" time="6.741" errors="0">
  <testcase name="verifyTitle" time="0.038" classname="com.jbk.test.LoginTest"/>
  <system-out/>
  <testcase name="verifySignInClickable" time="0.551" classname="com.jbk.test.LoginTest"/>
  <system-out/>
  <testcase name="verifyBlankCredentials" time="0.541" classname="com.jbk.test.LoginTest"/>
  <system-out/>
  <testcase name="VerifySpecialCharacter" time="0.677" classname="com.jbk.test.LoginTest"/>
  <system-out/>
  <testcase name="verifyNewMemberRegistration" time="0.410" classname="com.jbk.test.LoginTest"/>
  <system-out/>
  <testcase name="verifyAlreadyMember" time="0.590" classname="com.jbk.test.LoginTest"/>
  <system-out/>
  <testcase name="verifyCorrectCredentials" time="1.228" classname="com.jbk.test.LoginTest"/>
  <system-out/>
  <testcase name="verifyNavigationUser" time="0.598" classname="com.jbk.test.LoginTest"/>
  <system-out/>
  <testcase name="verifyNavigationOperators" time="0.498" classname="com.jbk.test.LoginTest"/>
  <system-out/>
  <testcase name="vefrifyNavigationUsefulLinks" time="0.435" classname="com.jbk.test.LoginTest"/>
  <system-out/>
  <testcase name="checkNavigationDownLoad" time="0.738" classname="com.jbk.test.LoginTest"/>
  <system-out/>
  <testcase name="checkNavigationLogout" time="0.437" classname="com.jbk.test.LoginTest"/>
  <system-out/>
</testsuite> <!-- com.jbk.test.LoginTest -->
